<?xml version="1.0" encoding="UTF-8"?>
<coverage generated="1774376921166" clover="3.2.0">
  <project timestamp="1774376921166" name="All files">
    <metrics statements="5" coveredstatements="5" conditionals="2" coveredconditionals="2" methods="2" coveredmethods="2" elements="9" coveredelements="9" complexity="0" loc="5" ncloc="5" packages="1" files="2" classes="2"/>
    <file name="http.js" path="/Users/admin/Desktop/Обучение IT/JS Tests/homework 3/src/http.js">
      <metrics statements="1" coveredstatements="1" conditionals="0" coveredconditionals="0" methods="1" coveredmethods="1"/>
      <line num="2" count="1" type="stmt"/>
    </file>
    <file name="level.js" path="/Users/admin/Desktop/Обучение IT/JS Tests/homework 3/src/level.js">
      <metrics statements="4" coveredstatements="4" conditionals="2" coveredconditionals="2" methods="1" coveredmethods="1"/>
      <line num="4" count="2" type="stmt"/>
      <line num="6" count="2" type="cond" truecount="2" falsecount="0"/>
      <line num="7" count="1" type="stmt"/>
      <line num="10" count="1" type="stmt"/>
    </file>
  </project>
</coverage>
