{"/Users/admin/Desktop/Обучение IT/JS Tests/homework 3/src/http.js": {"path":"/Users/admin/Desktop/Обучение IT/JS Tests/homework 3/src/http.js","statementMap":{"0":{"start":{"line":2,"column":4},"end":{"line":2,"column":59}}},"fnMap":{"0":{"name":"fetchData","decl":{"start":{"line":1,"column":24},"end":{"line":1,"column":33}},"loc":{"start":{"line":1,"column":40},"end":{"line":3,"column":1}},"line":1}},"branchMap":{},"s":{"0":1},"f":{"0":1},"b":{},"_coverageSchema":"1a1c01bbd47fc00a2c39e90264f33305004495a9","hash":"413cb53f0964699069724e88185010cdc7f13087"}
,"/Users/admin/Desktop/Обучение IT/JS Tests/homework 3/src/level.js": {"path":"/Users/admin/Desktop/Обучение IT/JS Tests/homework 3/src/level.js","statementMap":{"0":{"start":{"line":4,"column":21},"end":{"line":4,"column":63}},"1":{"start":{"line":6,"column":4},"end":{"line":8,"column":5}},"2":{"start":{"line":7,"column":8},"end":{"line":7,"column":56}},"3":{"start":{"line":10,"column":4},"end":{"line":10,"column":54}}},"fnMap":{"0":{"name":"getLevel","decl":{"start":{"line":3,"column":16},"end":{"line":3,"column":24}},"loc":{"start":{"line":3,"column":33},"end":{"line":11,"column":1}},"line":3}},"branchMap":{"0":{"loc":{"start":{"line":6,"column":4},"end":{"line":8,"column":5}},"type":"if","locations":[{"start":{"line":6,"column":4},"end":{"line":8,"column":5}},{"start":{},"end":{}}],"line":6}},"s":{"0":2,"1":2,"2":1,"3":1},"f":{"0":2},"b":{"0":[1,1]},"_coverageSchema":"1a1c01bbd47fc00a2c39e90264f33305004495a9","hash":"aeab30309436786c55306cd6a737a47690fffcc6"}
}
